Started GET "/tweets" for ::1 at 2021-06-22 21:11:12 -0700
  
ActiveRecord::NoDatabaseError (FATAL:  database "alternating-peter_development" does not exist
):
  
activerecord (5.2.6) lib/active_record/connection_adapters/postgresql_adapter.rb:696:in `rescue in connect'
activerecord (5.2.6) lib/active_record/connection_adapters/postgresql_adapter.rb:691:in `connect'
activerecord (5.2.6) lib/active_record/connection_adapters/postgresql_adapter.rb:223:in `initialize'
activerecord (5.2.6) lib/active_record/connection_adapters/postgresql_adapter.rb:48:in `new'
activerecord (5.2.6) lib/active_record/connection_adapters/postgresql_adapter.rb:48:in `postgresql_connection'
activerecord (5.2.6) lib/active_record/connection_adapters/abstract/connection_pool.rb:830:in `new_connection'
activerecord (5.2.6) lib/active_record/connection_adapters/abstract/connection_pool.rb:874:in `checkout_new_connection'
activerecord (5.2.6) lib/active_record/connection_adapters/abstract/connection_pool.rb:853:in `try_to_checkout_new_connection'
activerecord (5.2.6) lib/active_record/connection_adapters/abstract/connection_pool.rb:814:in `acquire_connection'
activerecord (5.2.6) lib/active_record/connection_adapters/abstract/connection_pool.rb:538:in `checkout'
activerecord (5.2.6) lib/active_record/connection_adapters/abstract/connection_pool.rb:382:in `connection'
activerecord (5.2.6) lib/active_record/connection_adapters/abstract/connection_pool.rb:1033:in `retrieve_connection'
activerecord (5.2.6) lib/active_record/connection_handling.rb:118:in `retrieve_connection'
activerecord (5.2.6) lib/active_record/connection_handling.rb:90:in `connection'
activerecord (5.2.6) lib/active_record/migration.rb:554:in `call'
actionpack (5.2.6) lib/action_dispatch/middleware/callbacks.rb:28:in `block in call'
activesupport (5.2.6) lib/active_support/callbacks.rb:98:in `run_callbacks'
actionpack (5.2.6) lib/action_dispatch/middleware/callbacks.rb:26:in `call'
actionpack (5.2.6) lib/action_dispatch/middleware/executor.rb:14:in `call'
actionpack (5.2.6) lib/action_dispatch/middleware/debug_exceptions.rb:61:in `call'
web-console (3.7.0) lib/web_console/middleware.rb:135:in `call_app'
web-console (3.7.0) lib/web_console/middleware.rb:30:in `block in call'
web-console (3.7.0) lib/web_console/middleware.rb:20:in `catch'
web-console (3.7.0) lib/web_console/middleware.rb:20:in `call'
actionpack (5.2.6) lib/action_dispatch/middleware/show_exceptions.rb:33:in `call'
railties (5.2.6) lib/rails/rack/logger.rb:38:in `call_app'
railties (5.2.6) lib/rails/rack/logger.rb:26:in `block in call'
activesupport (5.2.6) lib/active_support/tagged_logging.rb:71:in `block in tagged'
activesupport (5.2.6) lib/active_support/tagged_logging.rb:28:in `tagged'
activesupport (5.2.6) lib/active_support/tagged_logging.rb:71:in `tagged'
railties (5.2.6) lib/rails/rack/logger.rb:26:in `call'
sprockets-rails (3.2.2) lib/sprockets/rails/quiet_assets.rb:13:in `call'
actionpack (5.2.6) lib/action_dispatch/middleware/remote_ip.rb:81:in `call'
actionpack (5.2.6) lib/action_dispatch/middleware/request_id.rb:27:in `call'
rack (2.2.3) lib/rack/method_override.rb:24:in `call'
rack (2.2.3) lib/rack/runtime.rb:22:in `call'
activesupport (5.2.6) lib/active_support/cache/strategy/local_cache_middleware.rb:29:in `call'
actionpack (5.2.6) lib/action_dispatch/middleware/executor.rb:14:in `call'
actionpack (5.2.6) lib/action_dispatch/middleware/static.rb:127:in `call'
rack (2.2.3) lib/rack/sendfile.rb:110:in `call'
railties (5.2.6) lib/rails/engine.rb:524:in `call'
puma (3.12.6) lib/puma/configuration.rb:227:in `call'
puma (3.12.6) lib/puma/server.rb:706:in `handle_request'
puma (3.12.6) lib/puma/server.rb:476:in `process_client'
puma (3.12.6) lib/puma/server.rb:334:in `block in run'
puma (3.12.6) lib/puma/thread_pool.rb:135:in `block in spawn_thread'
Started GET "/" for ::1 at 2021-06-22 21:11:15 -0700
  
ActiveRecord::NoDatabaseError (FATAL:  database "alternating-peter_development" does not exist
):
  
activerecord (5.2.6) lib/active_record/connection_adapters/postgresql_adapter.rb:696:in `rescue in connect'
activerecord (5.2.6) lib/active_record/connection_adapters/postgresql_adapter.rb:691:in `connect'
activerecord (5.2.6) lib/active_record/connection_adapters/postgresql_adapter.rb:223:in `initialize'
activerecord (5.2.6) lib/active_record/connection_adapters/postgresql_adapter.rb:48:in `new'
activerecord (5.2.6) lib/active_record/connection_adapters/postgresql_adapter.rb:48:in `postgresql_connection'
activerecord (5.2.6) lib/active_record/connection_adapters/abstract/connection_pool.rb:830:in `new_connection'
activerecord (5.2.6) lib/active_record/connection_adapters/abstract/connection_pool.rb:874:in `checkout_new_connection'
activerecord (5.2.6) lib/active_record/connection_adapters/abstract/connection_pool.rb:853:in `try_to_checkout_new_connection'
activerecord (5.2.6) lib/active_record/connection_adapters/abstract/connection_pool.rb:814:in `acquire_connection'
activerecord (5.2.6) lib/active_record/connection_adapters/abstract/connection_pool.rb:538:in `checkout'
activerecord (5.2.6) lib/active_record/connection_adapters/abstract/connection_pool.rb:382:in `connection'
activerecord (5.2.6) lib/active_record/connection_adapters/abstract/connection_pool.rb:1033:in `retrieve_connection'
activerecord (5.2.6) lib/active_record/connection_handling.rb:118:in `retrieve_connection'
activerecord (5.2.6) lib/active_record/connection_handling.rb:90:in `connection'
activerecord (5.2.6) lib/active_record/migration.rb:554:in `call'
actionpack (5.2.6) lib/action_dispatch/middleware/callbacks.rb:28:in `block in call'
activesupport (5.2.6) lib/active_support/callbacks.rb:98:in `run_callbacks'
actionpack (5.2.6) lib/action_dispatch/middleware/callbacks.rb:26:in `call'
actionpack (5.2.6) lib/action_dispatch/middleware/executor.rb:14:in `call'
actionpack (5.2.6) lib/action_dispatch/middleware/debug_exceptions.rb:61:in `call'
web-console (3.7.0) lib/web_console/middleware.rb:135:in `call_app'
web-console (3.7.0) lib/web_console/middleware.rb:30:in `block in call'
web-console (3.7.0) lib/web_console/middleware.rb:20:in `catch'
web-console (3.7.0) lib/web_console/middleware.rb:20:in `call'
actionpack (5.2.6) lib/action_dispatch/middleware/show_exceptions.rb:33:in `call'
railties (5.2.6) lib/rails/rack/logger.rb:38:in `call_app'
railties (5.2.6) lib/rails/rack/logger.rb:26:in `block in call'
activesupport (5.2.6) lib/active_support/tagged_logging.rb:71:in `block in tagged'
activesupport (5.2.6) lib/active_support/tagged_logging.rb:28:in `tagged'
activesupport (5.2.6) lib/active_support/tagged_logging.rb:71:in `tagged'
railties (5.2.6) lib/rails/rack/logger.rb:26:in `call'
sprockets-rails (3.2.2) lib/sprockets/rails/quiet_assets.rb:13:in `call'
actionpack (5.2.6) lib/action_dispatch/middleware/remote_ip.rb:81:in `call'
actionpack (5.2.6) lib/action_dispatch/middleware/request_id.rb:27:in `call'
rack (2.2.3) lib/rack/method_override.rb:24:in `call'
rack (2.2.3) lib/rack/runtime.rb:22:in `call'
activesupport (5.2.6) lib/active_support/cache/strategy/local_cache_middleware.rb:29:in `call'
actionpack (5.2.6) lib/action_dispatch/middleware/executor.rb:14:in `call'
actionpack (5.2.6) lib/action_dispatch/middleware/static.rb:127:in `call'
rack (2.2.3) lib/rack/sendfile.rb:110:in `call'
railties (5.2.6) lib/rails/engine.rb:524:in `call'
puma (3.12.6) lib/puma/configuration.rb:227:in `call'
puma (3.12.6) lib/puma/server.rb:706:in `handle_request'
puma (3.12.6) lib/puma/server.rb:476:in `process_client'
puma (3.12.6) lib/puma/server.rb:334:in `block in run'
puma (3.12.6) lib/puma/thread_pool.rb:135:in `block in spawn_thread'
  [1m[35m (160.2ms)[0m  [1m[35mCREATE DATABASE "alternating-peter_development" ENCODING = 'unicode'[0m
  ↳ bin/rails:9
  [1m[35m (114.7ms)[0m  [1m[35mCREATE DATABASE "alternating-peter_test" ENCODING = 'unicode'[0m
  ↳ bin/rails:9
Started GET "/" for ::1 at 2021-06-22 21:14:17 -0700
Processing by Rails::WelcomeController#index as HTML
  Rendering /Users/jasonsutter/.rvm/gems/ruby-2.4.4/gems/railties-5.2.6/lib/rails/templates/rails/welcome/index.html.erb
  Rendered /Users/jasonsutter/.rvm/gems/ruby-2.4.4/gems/railties-5.2.6/lib/rails/templates/rails/welcome/index.html.erb (3.7ms)
Completed 200 OK in 24ms (Views: 12.2ms | ActiveRecord: 0.0ms)


Started GET "/" for ::1 at 2021-06-22 21:16:05 -0700
Processing by Rails::WelcomeController#index as HTML
  Rendering /Users/jasonsutter/.rvm/gems/ruby-2.4.4/gems/railties-5.2.6/lib/rails/templates/rails/welcome/index.html.erb
  Rendered /Users/jasonsutter/.rvm/gems/ruby-2.4.4/gems/railties-5.2.6/lib/rails/templates/rails/welcome/index.html.erb (2.7ms)
Completed 200 OK in 19ms (Views: 7.1ms | ActiveRecord: 0.0ms)


  [1m[35m (74.2ms)[0m  [1m[35mCREATE TABLE "schema_migrations" ("version" character varying NOT NULL PRIMARY KEY)[0m
  ↳ /Users/jasonsutter/.rvm/gems/ruby-2.4.4/bin/rake:23
  [1m[35m (24.6ms)[0m  [1m[35mCREATE TABLE "ar_internal_metadata" ("key" character varying NOT NULL PRIMARY KEY, "value" character varying, "created_at" timestamp NOT NULL, "updated_at" timestamp NOT NULL)[0m
  ↳ /Users/jasonsutter/.rvm/gems/ruby-2.4.4/bin/rake:23
  [1m[35m (0.4ms)[0m  [1m[34mSELECT pg_try_advisory_lock(5015683376283289290)[0m
  ↳ /Users/jasonsutter/.rvm/gems/ruby-2.4.4/bin/rake:23
  [1m[35m (0.9ms)[0m  [1m[34mSELECT "schema_migrations"."version" FROM "schema_migrations" ORDER BY "schema_migrations"."version" ASC[0m
  ↳ /Users/jasonsutter/.rvm/gems/ruby-2.4.4/bin/rake:23
Migrating to CreateTweets (20210623041914)
  [1m[35m (0.2ms)[0m  [1m[35mBEGIN[0m
  ↳ /Users/jasonsutter/.rvm/gems/ruby-2.4.4/bin/rake:23
  [1m[35m (37.6ms)[0m  [1m[35mCREATE TABLE "tweets" ("id" bigserial primary key, "content" text, "created_at" timestamp NOT NULL, "updated_at" timestamp NOT NULL)[0m
  ↳ db/migrate/20210623041914_create_tweets.rb:3
  [1m[36mActiveRecord::SchemaMigration Create (21.0ms)[0m  [1m[32mINSERT INTO "schema_migrations" ("version") VALUES ($1) RETURNING "version"[0m  [["version", "20210623041914"]]
  ↳ /Users/jasonsutter/.rvm/gems/ruby-2.4.4/bin/rake:23
  [1m[35m (11.1ms)[0m  [1m[35mCOMMIT[0m
  ↳ /Users/jasonsutter/.rvm/gems/ruby-2.4.4/bin/rake:23
  [1m[36mActiveRecord::InternalMetadata Load (0.5ms)[0m  [1m[34mSELECT  "ar_internal_metadata".* FROM "ar_internal_metadata" WHERE "ar_internal_metadata"."key" = $1 LIMIT $2[0m  [["key", "environment"], ["LIMIT", 1]]
  ↳ /Users/jasonsutter/.rvm/gems/ruby-2.4.4/bin/rake:23
  [1m[35m (0.3ms)[0m  [1m[35mBEGIN[0m
  ↳ /Users/jasonsutter/.rvm/gems/ruby-2.4.4/bin/rake:23
  [1m[36mActiveRecord::InternalMetadata Create (0.9ms)[0m  [1m[32mINSERT INTO "ar_internal_metadata" ("key", "value", "created_at", "updated_at") VALUES ($1, $2, $3, $4) RETURNING "key"[0m  [["key", "environment"], ["value", "development"], ["created_at", "2021-06-23 04:24:39.205897"], ["updated_at", "2021-06-23 04:24:39.205897"]]
  ↳ /Users/jasonsutter/.rvm/gems/ruby-2.4.4/bin/rake:23
  [1m[35m (0.4ms)[0m  [1m[35mCOMMIT[0m
  ↳ /Users/jasonsutter/.rvm/gems/ruby-2.4.4/bin/rake:23
  [1m[35m (0.3ms)[0m  [1m[34mSELECT pg_advisory_unlock(5015683376283289290)[0m
  ↳ /Users/jasonsutter/.rvm/gems/ruby-2.4.4/bin/rake:23
  [1m[35m (0.3ms)[0m  [1m[34mSELECT "schema_migrations"."version" FROM "schema_migrations" ORDER BY "schema_migrations"."version" ASC[0m
  ↳ /Users/jasonsutter/.rvm/gems/ruby-2.4.4/bin/rake:23
  [1m[35m (0.6ms)[0m  [1m[34mSELECT "schema_migrations"."version" FROM "schema_migrations" ORDER BY "schema_migrations"."version" ASC[0m
  ↳ /Users/jasonsutter/.rvm/gems/ruby-2.4.4/bin/rake:23
  [1m[35m (2.0ms)[0m  [1m[35mBEGIN[0m
  ↳ db/seeds.rb:3
  [1m[36mTweet Create (2.1ms)[0m  [1m[32mINSERT INTO "tweets" ("content", "created_at", "updated_at") VALUES ($1, $2, $3) RETURNING "id"[0m  [["content", "iM a No CoInEr"], ["created_at", "2021-06-23 04:24:39.295515"], ["updated_at", "2021-06-23 04:24:39.295515"]]
  ↳ db/seeds.rb:3
  [1m[35m (0.6ms)[0m  [1m[35mCOMMIT[0m
  ↳ db/seeds.rb:3
Started GET "/" for ::1 at 2021-06-22 21:24:52 -0700
  [1m[35m (0.6ms)[0m  [1m[34mSELECT "schema_migrations"."version" FROM "schema_migrations" ORDER BY "schema_migrations"."version" ASC[0m
  ↳ /Users/jasonsutter/.rvm/gems/ruby-2.4.4/gems/activerecord-5.2.6/lib/active_record/log_subscriber.rb:98
Processing by TweetsController#index as HTML
Completed 406 Not Acceptable in 299ms (ActiveRecord: 0.0ms)


  
ActionController::UnknownFormat (TweetsController#index is missing a template for this request format and variant.

request.formats: ["text/html"]
request.variant: []

NOTE! For XHR/Ajax or API requests, this action would normally respond with 204 No Content: an empty white screen. Since you're loading it in a web browser, we assume that you expected to actually render a template, not nothing, so we're showing an error to be extra-clear. If you expect 204 No Content, carry on. That's what you'll get from an XHR or API request. Give it a shot.):
  
actionpack (5.2.6) lib/action_controller/metal/implicit_render.rb:55:in `default_render'
actionpack (5.2.6) lib/action_controller/metal/basic_implicit_render.rb:6:in `block in send_action'
actionpack (5.2.6) lib/action_controller/metal/basic_implicit_render.rb:6:in `tap'
actionpack (5.2.6) lib/action_controller/metal/basic_implicit_render.rb:6:in `send_action'
actionpack (5.2.6) lib/abstract_controller/base.rb:194:in `process_action'
actionpack (5.2.6) lib/action_controller/metal/rendering.rb:30:in `process_action'
actionpack (5.2.6) lib/abstract_controller/callbacks.rb:42:in `block in process_action'
activesupport (5.2.6) lib/active_support/callbacks.rb:132:in `run_callbacks'
actionpack (5.2.6) lib/abstract_controller/callbacks.rb:41:in `process_action'
actionpack (5.2.6) lib/action_controller/metal/rescue.rb:22:in `process_action'
actionpack (5.2.6) lib/action_controller/metal/instrumentation.rb:34:in `block in process_action'
activesupport (5.2.6) lib/active_support/notifications.rb:168:in `block in instrument'
activesupport (5.2.6) lib/active_support/notifications/instrumenter.rb:23:in `instrument'
activesupport (5.2.6) lib/active_support/notifications.rb:168:in `instrument'
actionpack (5.2.6) lib/action_controller/metal/instrumentation.rb:32:in `process_action'
actionpack (5.2.6) lib/action_controller/metal/params_wrapper.rb:256:in `process_action'
activerecord (5.2.6) lib/active_record/railties/controller_runtime.rb:24:in `process_action'
actionpack (5.2.6) lib/abstract_controller/base.rb:134:in `process'
actionview (5.2.6) lib/action_view/rendering.rb:32:in `process'
actionpack (5.2.6) lib/action_controller/metal.rb:191:in `dispatch'
actionpack (5.2.6) lib/action_controller/metal.rb:252:in `dispatch'
actionpack (5.2.6) lib/action_dispatch/routing/route_set.rb:52:in `dispatch'
actionpack (5.2.6) lib/action_dispatch/routing/route_set.rb:34:in `serve'
actionpack (5.2.6) lib/action_dispatch/journey/router.rb:52:in `block in serve'
actionpack (5.2.6) lib/action_dispatch/journey/router.rb:35:in `each'
actionpack (5.2.6) lib/action_dispatch/journey/router.rb:35:in `serve'
actionpack (5.2.6) lib/action_dispatch/routing/route_set.rb:840:in `call'
rack (2.2.3) lib/rack/tempfile_reaper.rb:15:in `call'
rack (2.2.3) lib/rack/etag.rb:27:in `call'
rack (2.2.3) lib/rack/conditional_get.rb:27:in `call'
rack (2.2.3) lib/rack/head.rb:12:in `call'
actionpack (5.2.6) lib/action_dispatch/http/content_security_policy.rb:18:in `call'
rack (2.2.3) lib/rack/session/abstract/id.rb:266:in `context'
rack (2.2.3) lib/rack/session/abstract/id.rb:260:in `call'
actionpack (5.2.6) lib/action_dispatch/middleware/cookies.rb:670:in `call'
activerecord (5.2.6) lib/active_record/migration.rb:559:in `call'
actionpack (5.2.6) lib/action_dispatch/middleware/callbacks.rb:28:in `block in call'
activesupport (5.2.6) lib/active_support/callbacks.rb:98:in `run_callbacks'
actionpack (5.2.6) lib/action_dispatch/middleware/callbacks.rb:26:in `call'
actionpack (5.2.6) lib/action_dispatch/middleware/executor.rb:14:in `call'
actionpack (5.2.6) lib/action_dispatch/middleware/debug_exceptions.rb:61:in `call'
web-console (3.7.0) lib/web_console/middleware.rb:135:in `call_app'
web-console (3.7.0) lib/web_console/middleware.rb:30:in `block in call'
web-console (3.7.0) lib/web_console/middleware.rb:20:in `catch'
web-console (3.7.0) lib/web_console/middleware.rb:20:in `call'
actionpack (5.2.6) lib/action_dispatch/middleware/show_exceptions.rb:33:in `call'
railties (5.2.6) lib/rails/rack/logger.rb:38:in `call_app'
railties (5.2.6) lib/rails/rack/logger.rb:26:in `block in call'
activesupport (5.2.6) lib/active_support/tagged_logging.rb:71:in `block in tagged'
activesupport (5.2.6) lib/active_support/tagged_logging.rb:28:in `tagged'
activesupport (5.2.6) lib/active_support/tagged_logging.rb:71:in `tagged'
railties (5.2.6) lib/rails/rack/logger.rb:26:in `call'
sprockets-rails (3.2.2) lib/sprockets/rails/quiet_assets.rb:13:in `call'
actionpack (5.2.6) lib/action_dispatch/middleware/remote_ip.rb:81:in `call'
actionpack (5.2.6) lib/action_dispatch/middleware/request_id.rb:27:in `call'
rack (2.2.3) lib/rack/method_override.rb:24:in `call'
rack (2.2.3) lib/rack/runtime.rb:22:in `call'
activesupport (5.2.6) lib/active_support/cache/strategy/local_cache_middleware.rb:29:in `call'
actionpack (5.2.6) lib/action_dispatch/middleware/executor.rb:14:in `call'
actionpack (5.2.6) lib/action_dispatch/middleware/static.rb:127:in `call'
rack (2.2.3) lib/rack/sendfile.rb:110:in `call'
railties (5.2.6) lib/rails/engine.rb:524:in `call'
puma (3.12.6) lib/puma/configuration.rb:227:in `call'
puma (3.12.6) lib/puma/server.rb:706:in `handle_request'
puma (3.12.6) lib/puma/server.rb:476:in `process_client'
puma (3.12.6) lib/puma/server.rb:334:in `block in run'
puma (3.12.6) lib/puma/thread_pool.rb:135:in `block in spawn_thread'
Started GET "/" for ::1 at 2021-06-22 21:25:47 -0700
Processing by TweetsController#index as HTML
Completed 406 Not Acceptable in 449ms (ActiveRecord: 0.0ms)


  
ActionController::UnknownFormat (TweetsController#index is missing a template for this request format and variant.

request.formats: ["text/html"]
request.variant: []

NOTE! For XHR/Ajax or API requests, this action would normally respond with 204 No Content: an empty white screen. Since you're loading it in a web browser, we assume that you expected to actually render a template, not nothing, so we're showing an error to be extra-clear. If you expect 204 No Content, carry on. That's what you'll get from an XHR or API request. Give it a shot.):
  
actionpack (5.2.6) lib/action_controller/metal/implicit_render.rb:55:in `default_render'
actionpack (5.2.6) lib/action_controller/metal/basic_implicit_render.rb:6:in `block in send_action'
actionpack (5.2.6) lib/action_controller/metal/basic_implicit_render.rb:6:in `tap'
actionpack (5.2.6) lib/action_controller/metal/basic_implicit_render.rb:6:in `send_action'
actionpack (5.2.6) lib/abstract_controller/base.rb:194:in `process_action'
actionpack (5.2.6) lib/action_controller/metal/rendering.rb:30:in `process_action'
actionpack (5.2.6) lib/abstract_controller/callbacks.rb:42:in `block in process_action'
activesupport (5.2.6) lib/active_support/callbacks.rb:132:in `run_callbacks'
actionpack (5.2.6) lib/abstract_controller/callbacks.rb:41:in `process_action'
actionpack (5.2.6) lib/action_controller/metal/rescue.rb:22:in `process_action'
actionpack (5.2.6) lib/action_controller/metal/instrumentation.rb:34:in `block in process_action'
activesupport (5.2.6) lib/active_support/notifications.rb:168:in `block in instrument'
activesupport (5.2.6) lib/active_support/notifications/instrumenter.rb:23:in `instrument'
activesupport (5.2.6) lib/active_support/notifications.rb:168:in `instrument'
actionpack (5.2.6) lib/action_controller/metal/instrumentation.rb:32:in `process_action'
actionpack (5.2.6) lib/action_controller/metal/params_wrapper.rb:256:in `process_action'
activerecord (5.2.6) lib/active_record/railties/controller_runtime.rb:24:in `process_action'
actionpack (5.2.6) lib/abstract_controller/base.rb:134:in `process'
actionview (5.2.6) lib/action_view/rendering.rb:32:in `process'
actionpack (5.2.6) lib/action_controller/metal.rb:191:in `dispatch'
actionpack (5.2.6) lib/action_controller/metal.rb:252:in `dispatch'
actionpack (5.2.6) lib/action_dispatch/routing/route_set.rb:52:in `dispatch'
actionpack (5.2.6) lib/action_dispatch/routing/route_set.rb:34:in `serve'
actionpack (5.2.6) lib/action_dispatch/journey/router.rb:52:in `block in serve'
actionpack (5.2.6) lib/action_dispatch/journey/router.rb:35:in `each'
actionpack (5.2.6) lib/action_dispatch/journey/router.rb:35:in `serve'
actionpack (5.2.6) lib/action_dispatch/routing/route_set.rb:840:in `call'
rack (2.2.3) lib/rack/tempfile_reaper.rb:15:in `call'
rack (2.2.3) lib/rack/etag.rb:27:in `call'
rack (2.2.3) lib/rack/conditional_get.rb:27:in `call'
rack (2.2.3) lib/rack/head.rb:12:in `call'
actionpack (5.2.6) lib/action_dispatch/http/content_security_policy.rb:18:in `call'
rack (2.2.3) lib/rack/session/abstract/id.rb:266:in `context'
rack (2.2.3) lib/rack/session/abstract/id.rb:260:in `call'
actionpack (5.2.6) lib/action_dispatch/middleware/cookies.rb:670:in `call'
activerecord (5.2.6) lib/active_record/migration.rb:559:in `call'
actionpack (5.2.6) lib/action_dispatch/middleware/callbacks.rb:28:in `block in call'
activesupport (5.2.6) lib/active_support/callbacks.rb:98:in `run_callbacks'
actionpack (5.2.6) lib/action_dispatch/middleware/callbacks.rb:26:in `call'
actionpack (5.2.6) lib/action_dispatch/middleware/executor.rb:14:in `call'
actionpack (5.2.6) lib/action_dispatch/middleware/debug_exceptions.rb:61:in `call'
web-console (3.7.0) lib/web_console/middleware.rb:135:in `call_app'
web-console (3.7.0) lib/web_console/middleware.rb:30:in `block in call'
web-console (3.7.0) lib/web_console/middleware.rb:20:in `catch'
web-console (3.7.0) lib/web_console/middleware.rb:20:in `call'
actionpack (5.2.6) lib/action_dispatch/middleware/show_exceptions.rb:33:in `call'
railties (5.2.6) lib/rails/rack/logger.rb:38:in `call_app'
railties (5.2.6) lib/rails/rack/logger.rb:26:in `block in call'
activesupport (5.2.6) lib/active_support/tagged_logging.rb:71:in `block in tagged'
activesupport (5.2.6) lib/active_support/tagged_logging.rb:28:in `tagged'
activesupport (5.2.6) lib/active_support/tagged_logging.rb:71:in `tagged'
railties (5.2.6) lib/rails/rack/logger.rb:26:in `call'
sprockets-rails (3.2.2) lib/sprockets/rails/quiet_assets.rb:13:in `call'
actionpack (5.2.6) lib/action_dispatch/middleware/remote_ip.rb:81:in `call'
actionpack (5.2.6) lib/action_dispatch/middleware/request_id.rb:27:in `call'
rack (2.2.3) lib/rack/method_override.rb:24:in `call'
rack (2.2.3) lib/rack/runtime.rb:22:in `call'
activesupport (5.2.6) lib/active_support/cache/strategy/local_cache_middleware.rb:29:in `call'
actionpack (5.2.6) lib/action_dispatch/middleware/executor.rb:14:in `call'
actionpack (5.2.6) lib/action_dispatch/middleware/static.rb:127:in `call'
rack (2.2.3) lib/rack/sendfile.rb:110:in `call'
railties (5.2.6) lib/rails/engine.rb:524:in `call'
puma (3.12.6) lib/puma/configuration.rb:227:in `call'
puma (3.12.6) lib/puma/server.rb:706:in `handle_request'
puma (3.12.6) lib/puma/server.rb:476:in `process_client'
puma (3.12.6) lib/puma/server.rb:334:in `block in run'
puma (3.12.6) lib/puma/thread_pool.rb:135:in `block in spawn_thread'
Started GET "/" for ::1 at 2021-06-22 21:26:06 -0700
Processing by TweetsController#index as HTML
  Rendering tweets/index.html.erb within layouts/application
  [1m[36mTweet Load (0.6ms)[0m  [1m[34mSELECT "tweets".* FROM "tweets"[0m
  ↳ app/views/tweets/index.html.erb:3
  Rendered tweets/index.html.erb within layouts/application (12.1ms)
Completed 200 OK in 1094ms (Views: 1083.3ms | ActiveRecord: 4.6ms)


Started GET "/" for ::1 at 2021-06-22 21:26:28 -0700
Processing by TweetsController#index as HTML
  Rendering tweets/index.html.erb within layouts/application
  [1m[36mTweet Load (0.4ms)[0m  [1m[34mSELECT "tweets".* FROM "tweets"[0m
  ↳ app/views/tweets/index.html.erb:3
  Rendered tweets/index.html.erb within layouts/application (2.7ms)
Completed 200 OK in 48ms (Views: 42.1ms | ActiveRecord: 0.4ms)


Started GET "/" for ::1 at 2021-06-22 21:28:23 -0700
  [1m[35m (1.2ms)[0m  [1m[34mSELECT "schema_migrations"."version" FROM "schema_migrations" ORDER BY "schema_migrations"."version" ASC[0m
  ↳ /Users/jasonsutter/.rvm/gems/ruby-2.4.4/gems/activerecord-5.2.6/lib/active_record/log_subscriber.rb:98
Processing by TweetsController#index as HTML
  Rendering tweets/index.html.erb within layouts/application
  [1m[36mTweet Load (0.7ms)[0m  [1m[34mSELECT "tweets".* FROM "tweets"[0m
  ↳ app/views/tweets/index.html.erb:3
  Rendered tweets/index.html.erb within layouts/application (12.0ms)
Completed 200 OK in 249ms (Views: 228.9ms | ActiveRecord: 4.1ms)


  [1m[36mTweet Load (0.3ms)[0m  [1m[34mSELECT  "tweets".* FROM "tweets" LIMIT $1[0m  [["LIMIT", 11]]
  ↳ lib/tasks/update-stutus.rake:23
  [1m[35m (0.6ms)[0m  [1m[34mSELECT "schema_migrations"."version" FROM "schema_migrations" ORDER BY "schema_migrations"."version" ASC[0m
  ↳ /Users/jasonsutter/.rvm/gems/ruby-2.4.4/bin/rake:23
  [1m[35m (0.4ms)[0m  [1m[34mSELECT "ar_internal_metadata"."value" FROM "ar_internal_metadata" WHERE "ar_internal_metadata"."key" = $1[0m  [["key", "environment"]]
  ↳ /Users/jasonsutter/.rvm/gems/ruby-2.4.4/bin/rake:23
  [1m[35m (0.2ms)[0m  [1m[34mSELECT "schema_migrations"."version" FROM "schema_migrations" ORDER BY "schema_migrations"."version" ASC[0m
  ↳ /Users/jasonsutter/.rvm/gems/ruby-2.4.4/bin/rake:23
  [1m[35m (0.2ms)[0m  [1m[34mSELECT "ar_internal_metadata"."value" FROM "ar_internal_metadata" WHERE "ar_internal_metadata"."key" = $1[0m  [["key", "environment"]]
  ↳ /Users/jasonsutter/.rvm/gems/ruby-2.4.4/bin/rake:23
  [1m[35m (0.2ms)[0m  [1m[34mSELECT "schema_migrations"."version" FROM "schema_migrations" ORDER BY "schema_migrations"."version" ASC[0m
  ↳ /Users/jasonsutter/.rvm/gems/ruby-2.4.4/bin/rake:23
  [1m[35m (0.2ms)[0m  [1m[34mSELECT "ar_internal_metadata"."value" FROM "ar_internal_metadata" WHERE "ar_internal_metadata"."key" = $1[0m  [["key", "environment"]]
  ↳ /Users/jasonsutter/.rvm/gems/ruby-2.4.4/bin/rake:23
  [1m[35m (46.8ms)[0m  [1m[35mDROP DATABASE IF EXISTS "alternating-peter_development"[0m
  ↳ /Users/jasonsutter/.rvm/gems/ruby-2.4.4/bin/rake:23
  [1m[35m (51.1ms)[0m  [1m[35mDROP DATABASE IF EXISTS "alternating-peter_test"[0m
  ↳ /Users/jasonsutter/.rvm/gems/ruby-2.4.4/bin/rake:23
  [1m[35m (198.3ms)[0m  [1m[35mCREATE DATABASE "alternating-peter_development" ENCODING = 'unicode'[0m
  ↳ /Users/jasonsutter/.rvm/gems/ruby-2.4.4/bin/rake:23
  [1m[35m (86.3ms)[0m  [1m[35mCREATE DATABASE "alternating-peter_test" ENCODING = 'unicode'[0m
  ↳ /Users/jasonsutter/.rvm/gems/ruby-2.4.4/bin/rake:23
  [1m[35m (45.5ms)[0m  [1m[35mDROP DATABASE IF EXISTS "alternating-peter_development"[0m
  ↳ /Users/jasonsutter/.rvm/gems/ruby-2.4.4/bin/rake:23
  [1m[35m (50.4ms)[0m  [1m[35mDROP DATABASE IF EXISTS "alternating-peter_test"[0m
  ↳ /Users/jasonsutter/.rvm/gems/ruby-2.4.4/bin/rake:23
  [1m[35m (113.8ms)[0m  [1m[35mCREATE DATABASE "alternating-peter_development" ENCODING = 'unicode'[0m
  ↳ /Users/jasonsutter/.rvm/gems/ruby-2.4.4/bin/rake:23
  [1m[35m (118.7ms)[0m  [1m[35mCREATE DATABASE "alternating-peter_test" ENCODING = 'unicode'[0m
  ↳ /Users/jasonsutter/.rvm/gems/ruby-2.4.4/bin/rake:23
  [1m[35m (5.5ms)[0m  [1m[35mCREATE TABLE "schema_migrations" ("version" character varying NOT NULL PRIMARY KEY)[0m
  ↳ /Users/jasonsutter/.rvm/gems/ruby-2.4.4/bin/rake:23
  [1m[35m (2.9ms)[0m  [1m[35mCREATE TABLE "ar_internal_metadata" ("key" character varying NOT NULL PRIMARY KEY, "value" character varying, "created_at" timestamp NOT NULL, "updated_at" timestamp NOT NULL)[0m
  ↳ /Users/jasonsutter/.rvm/gems/ruby-2.4.4/bin/rake:23
  [1m[35m (0.2ms)[0m  [1m[34mSELECT pg_try_advisory_lock(5015683376283289290)[0m
  ↳ /Users/jasonsutter/.rvm/gems/ruby-2.4.4/bin/rake:23
  [1m[35m (0.4ms)[0m  [1m[34mSELECT "schema_migrations"."version" FROM "schema_migrations" ORDER BY "schema_migrations"."version" ASC[0m
  ↳ /Users/jasonsutter/.rvm/gems/ruby-2.4.4/bin/rake:23
Migrating to CreateTweets (20210623041914)
  [1m[35m (0.1ms)[0m  [1m[35mBEGIN[0m
  ↳ /Users/jasonsutter/.rvm/gems/ruby-2.4.4/bin/rake:23
  [1m[35m (43.8ms)[0m  [1m[35mCREATE TABLE "tweets" ("id" bigserial primary key, "content" text, "twitterId" integer, "created_at" timestamp NOT NULL, "updated_at" timestamp NOT NULL)[0m
  ↳ db/migrate/20210623041914_create_tweets.rb:3
  [1m[36mActiveRecord::SchemaMigration Create (0.5ms)[0m  [1m[32mINSERT INTO "schema_migrations" ("version") VALUES ($1) RETURNING "version"[0m  [["version", "20210623041914"]]
  ↳ /Users/jasonsutter/.rvm/gems/ruby-2.4.4/bin/rake:23
  [1m[35m (0.6ms)[0m  [1m[35mCOMMIT[0m
  ↳ /Users/jasonsutter/.rvm/gems/ruby-2.4.4/bin/rake:23
  [1m[36mActiveRecord::InternalMetadata Load (3.8ms)[0m  [1m[34mSELECT  "ar_internal_metadata".* FROM "ar_internal_metadata" WHERE "ar_internal_metadata"."key" = $1 LIMIT $2[0m  [["key", "environment"], ["LIMIT", 1]]
  ↳ /Users/jasonsutter/.rvm/gems/ruby-2.4.4/bin/rake:23
  [1m[35m (0.2ms)[0m  [1m[35mBEGIN[0m
  ↳ /Users/jasonsutter/.rvm/gems/ruby-2.4.4/bin/rake:23
  [1m[36mActiveRecord::InternalMetadata Create (0.6ms)[0m  [1m[32mINSERT INTO "ar_internal_metadata" ("key", "value", "created_at", "updated_at") VALUES ($1, $2, $3, $4) RETURNING "key"[0m  [["key", "environment"], ["value", "development"], ["created_at", "2021-06-23 04:58:47.110915"], ["updated_at", "2021-06-23 04:58:47.110915"]]
  ↳ /Users/jasonsutter/.rvm/gems/ruby-2.4.4/bin/rake:23
  [1m[35m (0.4ms)[0m  [1m[35mCOMMIT[0m
  ↳ /Users/jasonsutter/.rvm/gems/ruby-2.4.4/bin/rake:23
  [1m[35m (0.2ms)[0m  [1m[34mSELECT pg_advisory_unlock(5015683376283289290)[0m
  ↳ /Users/jasonsutter/.rvm/gems/ruby-2.4.4/bin/rake:23
  [1m[35m (0.3ms)[0m  [1m[34mSELECT "schema_migrations"."version" FROM "schema_migrations" ORDER BY "schema_migrations"."version" ASC[0m
  ↳ /Users/jasonsutter/.rvm/gems/ruby-2.4.4/bin/rake:23
  [1m[35m (0.3ms)[0m  [1m[34mSELECT "schema_migrations"."version" FROM "schema_migrations" ORDER BY "schema_migrations"."version" ASC[0m
  ↳ /Users/jasonsutter/.rvm/gems/ruby-2.4.4/bin/rake:23
  [1m[35m (0.2ms)[0m  [1m[35mBEGIN[0m
  ↳ db/seeds.rb:3
  [1m[36mTweet Create (1.0ms)[0m  [1m[32mINSERT INTO "tweets" ("content", "created_at", "updated_at") VALUES ($1, $2, $3) RETURNING "id"[0m  [["content", "iM a No CoInEr"], ["created_at", "2021-06-23 04:58:47.159533"], ["updated_at", "2021-06-23 04:58:47.159533"]]
  ↳ db/seeds.rb:3
  [1m[35m (0.3ms)[0m  [1m[35mCOMMIT[0m
  ↳ db/seeds.rb:3
  [1m[35m (0.6ms)[0m  [1m[34mSELECT "schema_migrations"."version" FROM "schema_migrations" ORDER BY "schema_migrations"."version" ASC[0m
  ↳ /Users/jasonsutter/.rvm/gems/ruby-2.4.4/bin/rake:23
  [1m[35m (0.3ms)[0m  [1m[34mSELECT "ar_internal_metadata"."value" FROM "ar_internal_metadata" WHERE "ar_internal_metadata"."key" = $1[0m  [["key", "environment"]]
  ↳ /Users/jasonsutter/.rvm/gems/ruby-2.4.4/bin/rake:23
  [1m[35m (0.2ms)[0m  [1m[34mSELECT "schema_migrations"."version" FROM "schema_migrations" ORDER BY "schema_migrations"."version" ASC[0m
  ↳ /Users/jasonsutter/.rvm/gems/ruby-2.4.4/bin/rake:23
  [1m[35m (0.2ms)[0m  [1m[34mSELECT "ar_internal_metadata"."value" FROM "ar_internal_metadata" WHERE "ar_internal_metadata"."key" = $1[0m  [["key", "environment"]]
  ↳ /Users/jasonsutter/.rvm/gems/ruby-2.4.4/bin/rake:23
  [1m[35m (0.2ms)[0m  [1m[34mSELECT "schema_migrations"."version" FROM "schema_migrations" ORDER BY "schema_migrations"."version" ASC[0m
  ↳ /Users/jasonsutter/.rvm/gems/ruby-2.4.4/bin/rake:23
  [1m[35m (0.2ms)[0m  [1m[34mSELECT "ar_internal_metadata"."value" FROM "ar_internal_metadata" WHERE "ar_internal_metadata"."key" = $1[0m  [["key", "environment"]]
  ↳ /Users/jasonsutter/.rvm/gems/ruby-2.4.4/bin/rake:23
  [1m[35m (49.0ms)[0m  [1m[35mDROP DATABASE IF EXISTS "alternating-peter_development"[0m
  ↳ /Users/jasonsutter/.rvm/gems/ruby-2.4.4/bin/rake:23
  [1m[35m (48.9ms)[0m  [1m[35mDROP DATABASE IF EXISTS "alternating-peter_test"[0m
  ↳ /Users/jasonsutter/.rvm/gems/ruby-2.4.4/bin/rake:23
  [1m[35m (108.1ms)[0m  [1m[35mCREATE DATABASE "alternating-peter_development" ENCODING = 'unicode'[0m
  ↳ /Users/jasonsutter/.rvm/gems/ruby-2.4.4/bin/rake:23
  [1m[35m (92.8ms)[0m  [1m[35mCREATE DATABASE "alternating-peter_test" ENCODING = 'unicode'[0m
  ↳ /Users/jasonsutter/.rvm/gems/ruby-2.4.4/bin/rake:23
  [1m[35m (5.3ms)[0m  [1m[35mCREATE TABLE "schema_migrations" ("version" character varying NOT NULL PRIMARY KEY)[0m
  ↳ /Users/jasonsutter/.rvm/gems/ruby-2.4.4/bin/rake:23
  [1m[35m (2.4ms)[0m  [1m[35mCREATE TABLE "ar_internal_metadata" ("key" character varying NOT NULL PRIMARY KEY, "value" character varying, "created_at" timestamp NOT NULL, "updated_at" timestamp NOT NULL)[0m
  ↳ /Users/jasonsutter/.rvm/gems/ruby-2.4.4/bin/rake:23
  [1m[35m (0.2ms)[0m  [1m[34mSELECT pg_try_advisory_lock(5015683376283289290)[0m
  ↳ /Users/jasonsutter/.rvm/gems/ruby-2.4.4/bin/rake:23
  [1m[35m (0.6ms)[0m  [1m[34mSELECT "schema_migrations"."version" FROM "schema_migrations" ORDER BY "schema_migrations"."version" ASC[0m
  ↳ /Users/jasonsutter/.rvm/gems/ruby-2.4.4/bin/rake:23
Migrating to CreateTweets (20210623041914)
  [1m[35m (0.1ms)[0m  [1m[35mBEGIN[0m
  ↳ /Users/jasonsutter/.rvm/gems/ruby-2.4.4/bin/rake:23
  [1m[35m (43.0ms)[0m  [1m[35mCREATE TABLE "tweets" ("id" bigserial primary key, "content" text, "twitterId" integer, "created_at" timestamp NOT NULL, "updated_at" timestamp NOT NULL)[0m
  ↳ db/migrate/20210623041914_create_tweets.rb:3
  [1m[36mActiveRecord::SchemaMigration Create (0.4ms)[0m  [1m[32mINSERT INTO "schema_migrations" ("version") VALUES ($1) RETURNING "version"[0m  [["version", "20210623041914"]]
  ↳ /Users/jasonsutter/.rvm/gems/ruby-2.4.4/bin/rake:23
  [1m[35m (0.4ms)[0m  [1m[35mCOMMIT[0m
  ↳ /Users/jasonsutter/.rvm/gems/ruby-2.4.4/bin/rake:23
  [1m[36mActiveRecord::InternalMetadata Load (0.3ms)[0m  [1m[34mSELECT  "ar_internal_metadata".* FROM "ar_internal_metadata" WHERE "ar_internal_metadata"."key" = $1 LIMIT $2[0m  [["key", "environment"], ["LIMIT", 1]]
  ↳ /Users/jasonsutter/.rvm/gems/ruby-2.4.4/bin/rake:23
  [1m[35m (0.2ms)[0m  [1m[35mBEGIN[0m
  ↳ /Users/jasonsutter/.rvm/gems/ruby-2.4.4/bin/rake:23
  [1m[36mActiveRecord::InternalMetadata Create (0.4ms)[0m  [1m[32mINSERT INTO "ar_internal_metadata" ("key", "value", "created_at", "updated_at") VALUES ($1, $2, $3, $4) RETURNING "key"[0m  [["key", "environment"], ["value", "development"], ["created_at", "2021-06-23 04:59:52.932288"], ["updated_at", "2021-06-23 04:59:52.932288"]]
  ↳ /Users/jasonsutter/.rvm/gems/ruby-2.4.4/bin/rake:23
  [1m[35m (0.2ms)[0m  [1m[35mCOMMIT[0m
  ↳ /Users/jasonsutter/.rvm/gems/ruby-2.4.4/bin/rake:23
  [1m[35m (0.2ms)[0m  [1m[34mSELECT pg_advisory_unlock(5015683376283289290)[0m
  ↳ /Users/jasonsutter/.rvm/gems/ruby-2.4.4/bin/rake:23
  [1m[35m (0.2ms)[0m  [1m[34mSELECT "schema_migrations"."version" FROM "schema_migrations" ORDER BY "schema_migrations"."version" ASC[0m
  ↳ /Users/jasonsutter/.rvm/gems/ruby-2.4.4/bin/rake:23
  [1m[35m (0.2ms)[0m  [1m[34mSELECT "schema_migrations"."version" FROM "schema_migrations" ORDER BY "schema_migrations"."version" ASC[0m
  ↳ /Users/jasonsutter/.rvm/gems/ruby-2.4.4/bin/rake:23
  [1m[35m (0.2ms)[0m  [1m[35mBEGIN[0m
  ↳ db/seeds.rb:4
  [1m[36mTweet Create (42.0ms)[0m  [1m[32mINSERT INTO "tweets" ("content", "twitterId", "created_at", "updated_at") VALUES ($1, $2, $3, $4) RETURNING "id"[0m  [["content", "iM a No CoInEr"], ["twitterId", 21], ["created_at", "2021-06-23 04:59:52.967082"], ["updated_at", "2021-06-23 04:59:52.967082"]]
  ↳ db/seeds.rb:4
  [1m[35m (1.2ms)[0m  [1m[35mCOMMIT[0m
  ↳ db/seeds.rb:4
Started GET "/" for ::1 at 2021-06-22 22:00:14 -0700
  [1m[35m (0.5ms)[0m  [1m[34mSELECT "schema_migrations"."version" FROM "schema_migrations" ORDER BY "schema_migrations"."version" ASC[0m
  ↳ /Users/jasonsutter/.rvm/gems/ruby-2.4.4/gems/activerecord-5.2.6/lib/active_record/log_subscriber.rb:98
Processing by TweetsController#index as HTML
  Rendering tweets/index.html.erb within layouts/application
  [1m[36mTweet Load (0.5ms)[0m  [1m[34mSELECT "tweets".* FROM "tweets"[0m
  ↳ app/views/tweets/index.html.erb:3
  Rendered tweets/index.html.erb within layouts/application (13.8ms)
Completed 200 OK in 353ms (Views: 337.0ms | ActiveRecord: 4.0ms)


  [1m[36mTweet Load (0.4ms)[0m  [1m[34mSELECT  "tweets".* FROM "tweets" LIMIT $1[0m  [["LIMIT", 11]]
  ↳ lib/tasks/update-stutus.rake:23
  [1m[36mTweet Load (0.5ms)[0m  [1m[34mSELECT  "tweets".* FROM "tweets" ORDER BY "tweets"."id" DESC LIMIT $1[0m  [["LIMIT", 1]]
  ↳ lib/tasks/update-stutus.rake:21
  [1m[36mTweet Load (0.7ms)[0m  [1m[34mSELECT  "tweets".* FROM "tweets" ORDER BY "tweets"."id" DESC LIMIT $1[0m  [["LIMIT", 1]]
  ↳ lib/tasks/update-stutus.rake:19
  [1m[35m (0.2ms)[0m  [1m[35mBEGIN[0m
  ↳ lib/tasks/update-stutus.rake:30
  [1m[35m (35.1ms)[0m  [1m[31mROLLBACK[0m
  ↳ lib/tasks/update-stutus.rake:30
  [1m[36mTweet Load (1.0ms)[0m  [1m[34mSELECT  "tweets".* FROM "tweets" ORDER BY "tweets"."id" DESC LIMIT $1[0m  [["LIMIT", 1]]
  ↳ lib/tasks/update-stutus.rake:19
  [1m[35m (0.3ms)[0m  [1m[35mBEGIN[0m
  ↳ lib/tasks/update-stutus.rake:31
  [1m[35m (0.2ms)[0m  [1m[31mROLLBACK[0m
  ↳ lib/tasks/update-stutus.rake:31
  [1m[36mTweet Load (0.3ms)[0m  [1m[34mSELECT  "tweets".* FROM "tweets" ORDER BY "tweets"."id" DESC LIMIT $1[0m  [["LIMIT", 1]]
  ↳ lib/tasks/update-stutus.rake:19
Started GET "/" for ::1 at 2021-06-22 22:05:15 -0700
Processing by TweetsController#index as HTML
  Rendering tweets/index.html.erb within layouts/application
  [1m[36mTweet Load (0.4ms)[0m  [1m[34mSELECT "tweets".* FROM "tweets"[0m
  ↳ app/views/tweets/index.html.erb:3
  Rendered tweets/index.html.erb within layouts/application (2.1ms)
Completed 200 OK in 38ms (Views: 31.0ms | ActiveRecord: 0.4ms)


  [1m[36mTweet Load (0.3ms)[0m  [1m[34mSELECT  "tweets".* FROM "tweets" ORDER BY "tweets"."id" DESC LIMIT $1[0m  [["LIMIT", 1]]
  ↳ lib/tasks/update-stutus.rake:19
  [1m[35m (0.5ms)[0m  [1m[35mBEGIN[0m
  ↳ lib/tasks/update-stutus.rake:31
  [1m[35m (0.3ms)[0m  [1m[31mROLLBACK[0m
  ↳ lib/tasks/update-stutus.rake:31
  [1m[35m (0.6ms)[0m  [1m[34mSELECT "schema_migrations"."version" FROM "schema_migrations" ORDER BY "schema_migrations"."version" ASC[0m
  ↳ /Users/jasonsutter/.rvm/gems/ruby-2.4.4/bin/rake:23
  [1m[35m (0.4ms)[0m  [1m[34mSELECT "ar_internal_metadata"."value" FROM "ar_internal_metadata" WHERE "ar_internal_metadata"."key" = $1[0m  [["key", "environment"]]
  ↳ /Users/jasonsutter/.rvm/gems/ruby-2.4.4/bin/rake:23
  [1m[35m (0.2ms)[0m  [1m[34mSELECT "schema_migrations"."version" FROM "schema_migrations" ORDER BY "schema_migrations"."version" ASC[0m
  ↳ /Users/jasonsutter/.rvm/gems/ruby-2.4.4/bin/rake:23
  [1m[35m (0.2ms)[0m  [1m[34mSELECT "ar_internal_metadata"."value" FROM "ar_internal_metadata" WHERE "ar_internal_metadata"."key" = $1[0m  [["key", "environment"]]
  ↳ /Users/jasonsutter/.rvm/gems/ruby-2.4.4/bin/rake:23
  [1m[35m (0.2ms)[0m  [1m[34mSELECT "schema_migrations"."version" FROM "schema_migrations" ORDER BY "schema_migrations"."version" ASC[0m
  ↳ /Users/jasonsutter/.rvm/gems/ruby-2.4.4/bin/rake:23
  [1m[35m (0.2ms)[0m  [1m[34mSELECT "ar_internal_metadata"."value" FROM "ar_internal_metadata" WHERE "ar_internal_metadata"."key" = $1[0m  [["key", "environment"]]
  ↳ /Users/jasonsutter/.rvm/gems/ruby-2.4.4/bin/rake:23
  [1m[35m (8237.8ms)[0m  [1m[35mDROP DATABASE IF EXISTS "alternating-peter_development"[0m
  ↳ /Users/jasonsutter/.rvm/gems/ruby-2.4.4/bin/rake:23
  [1m[35m (0.7ms)[0m  [1m[34mSELECT "schema_migrations"."version" FROM "schema_migrations" ORDER BY "schema_migrations"."version" ASC[0m
  ↳ /Users/jasonsutter/.rvm/gems/ruby-2.4.4/bin/rake:23
  [1m[35m (0.3ms)[0m  [1m[34mSELECT "ar_internal_metadata"."value" FROM "ar_internal_metadata" WHERE "ar_internal_metadata"."key" = $1[0m  [["key", "environment"]]
  ↳ /Users/jasonsutter/.rvm/gems/ruby-2.4.4/bin/rake:23
  [1m[35m (0.2ms)[0m  [1m[34mSELECT "schema_migrations"."version" FROM "schema_migrations" ORDER BY "schema_migrations"."version" ASC[0m
  ↳ /Users/jasonsutter/.rvm/gems/ruby-2.4.4/bin/rake:23
  [1m[35m (0.1ms)[0m  [1m[34mSELECT "ar_internal_metadata"."value" FROM "ar_internal_metadata" WHERE "ar_internal_metadata"."key" = $1[0m  [["key", "environment"]]
  ↳ /Users/jasonsutter/.rvm/gems/ruby-2.4.4/bin/rake:23
  [1m[35m (0.2ms)[0m  [1m[34mSELECT "schema_migrations"."version" FROM "schema_migrations" ORDER BY "schema_migrations"."version" ASC[0m
  ↳ /Users/jasonsutter/.rvm/gems/ruby-2.4.4/bin/rake:23
  [1m[35m (0.1ms)[0m  [1m[34mSELECT "ar_internal_metadata"."value" FROM "ar_internal_metadata" WHERE "ar_internal_metadata"."key" = $1[0m  [["key", "environment"]]
  ↳ /Users/jasonsutter/.rvm/gems/ruby-2.4.4/bin/rake:23
  [1m[35m (39.5ms)[0m  [1m[35mDROP DATABASE IF EXISTS "alternating-peter_development"[0m
  ↳ /Users/jasonsutter/.rvm/gems/ruby-2.4.4/bin/rake:23
  [1m[35m (37.8ms)[0m  [1m[35mDROP DATABASE IF EXISTS "alternating-peter_test"[0m
  ↳ /Users/jasonsutter/.rvm/gems/ruby-2.4.4/bin/rake:23
  [1m[35m (217.1ms)[0m  [1m[35mCREATE DATABASE "alternating-peter_development" ENCODING = 'unicode'[0m
  ↳ /Users/jasonsutter/.rvm/gems/ruby-2.4.4/bin/rake:23
  [1m[35m (85.8ms)[0m  [1m[35mCREATE DATABASE "alternating-peter_test" ENCODING = 'unicode'[0m
  ↳ /Users/jasonsutter/.rvm/gems/ruby-2.4.4/bin/rake:23
  [1m[35m (5.3ms)[0m  [1m[35mCREATE TABLE "schema_migrations" ("version" character varying NOT NULL PRIMARY KEY)[0m
  ↳ /Users/jasonsutter/.rvm/gems/ruby-2.4.4/bin/rake:23
  [1m[35m (2.7ms)[0m  [1m[35mCREATE TABLE "ar_internal_metadata" ("key" character varying NOT NULL PRIMARY KEY, "value" character varying, "created_at" timestamp NOT NULL, "updated_at" timestamp NOT NULL)[0m
  ↳ /Users/jasonsutter/.rvm/gems/ruby-2.4.4/bin/rake:23
  [1m[35m (0.2ms)[0m  [1m[34mSELECT pg_try_advisory_lock(5015683376283289290)[0m
  ↳ /Users/jasonsutter/.rvm/gems/ruby-2.4.4/bin/rake:23
  [1m[35m (0.4ms)[0m  [1m[34mSELECT "schema_migrations"."version" FROM "schema_migrations" ORDER BY "schema_migrations"."version" ASC[0m
  ↳ /Users/jasonsutter/.rvm/gems/ruby-2.4.4/bin/rake:23
Migrating to CreateTweets (20210623041914)
  [1m[35m (0.2ms)[0m  [1m[35mBEGIN[0m
  ↳ /Users/jasonsutter/.rvm/gems/ruby-2.4.4/bin/rake:23
  [1m[35m (59.6ms)[0m  [1m[35mCREATE TABLE "tweets" ("id" bigserial primary key, "content" text, "twitterId" bigint, "created_at" timestamp NOT NULL, "updated_at" timestamp NOT NULL)[0m
  ↳ db/migrate/20210623041914_create_tweets.rb:3
  [1m[36mActiveRecord::SchemaMigration Create (37.8ms)[0m  [1m[32mINSERT INTO "schema_migrations" ("version") VALUES ($1) RETURNING "version"[0m  [["version", "20210623041914"]]
  ↳ /Users/jasonsutter/.rvm/gems/ruby-2.4.4/bin/rake:23
  [1m[35m (0.3ms)[0m  [1m[35mCOMMIT[0m
  ↳ /Users/jasonsutter/.rvm/gems/ruby-2.4.4/bin/rake:23
  [1m[36mActiveRecord::InternalMetadata Load (0.3ms)[0m  [1m[34mSELECT  "ar_internal_metadata".* FROM "ar_internal_metadata" WHERE "ar_internal_metadata"."key" = $1 LIMIT $2[0m  [["key", "environment"], ["LIMIT", 1]]
  ↳ /Users/jasonsutter/.rvm/gems/ruby-2.4.4/bin/rake:23
  [1m[35m (0.1ms)[0m  [1m[35mBEGIN[0m
  ↳ /Users/jasonsutter/.rvm/gems/ruby-2.4.4/bin/rake:23
  [1m[36mActiveRecord::InternalMetadata Create (0.4ms)[0m  [1m[32mINSERT INTO "ar_internal_metadata" ("key", "value", "created_at", "updated_at") VALUES ($1, $2, $3, $4) RETURNING "key"[0m  [["key", "environment"], ["value", "development"], ["created_at", "2021-06-23 05:08:38.922165"], ["updated_at", "2021-06-23 05:08:38.922165"]]
  ↳ /Users/jasonsutter/.rvm/gems/ruby-2.4.4/bin/rake:23
  [1m[35m (0.3ms)[0m  [1m[35mCOMMIT[0m
  ↳ /Users/jasonsutter/.rvm/gems/ruby-2.4.4/bin/rake:23
  [1m[35m (0.2ms)[0m  [1m[34mSELECT pg_advisory_unlock(5015683376283289290)[0m
  ↳ /Users/jasonsutter/.rvm/gems/ruby-2.4.4/bin/rake:23
  [1m[35m (0.2ms)[0m  [1m[34mSELECT "schema_migrations"."version" FROM "schema_migrations" ORDER BY "schema_migrations"."version" ASC[0m
  ↳ /Users/jasonsutter/.rvm/gems/ruby-2.4.4/bin/rake:23
  [1m[35m (0.2ms)[0m  [1m[34mSELECT "schema_migrations"."version" FROM "schema_migrations" ORDER BY "schema_migrations"."version" ASC[0m
  ↳ /Users/jasonsutter/.rvm/gems/ruby-2.4.4/bin/rake:23
  [1m[35m (31.2ms)[0m  [1m[35mBEGIN[0m
  ↳ db/seeds.rb:4
  [1m[36mTweet Create (1.4ms)[0m  [1m[32mINSERT INTO "tweets" ("content", "twitterId", "created_at", "updated_at") VALUES ($1, $2, $3, $4) RETURNING "id"[0m  [["content", "iM a No CoInEr"], ["twitterId", 21], ["created_at", "2021-06-23 05:08:39.014877"], ["updated_at", "2021-06-23 05:08:39.014877"]]
  ↳ db/seeds.rb:4
  [1m[35m (0.8ms)[0m  [1m[35mCOMMIT[0m
  ↳ db/seeds.rb:4
  [1m[36mTweet Load (0.4ms)[0m  [1m[34mSELECT  "tweets".* FROM "tweets" ORDER BY "tweets"."id" DESC LIMIT $1[0m  [["LIMIT", 1]]
  ↳ lib/tasks/update-stutus.rake:19
  [1m[35m (0.3ms)[0m  [1m[35mBEGIN[0m
  ↳ lib/tasks/update-stutus.rake:31
  [1m[36mTweet Create (0.8ms)[0m  [1m[32mINSERT INTO "tweets" ("content", "twitterId", "created_at", "updated_at") VALUES ($1, $2, $3, $4) RETURNING "id"[0m  [["content", "More Government Debt Means Less Economic Growth @schiffgold\n\nhttps://t.co/GvDvM9tgR6"], ["twitterId", 1407457607816826892], ["created_at", "2021-06-23 05:08:44.120535"], ["updated_at", "2021-06-23 05:08:44.120535"]]
  ↳ lib/tasks/update-stutus.rake:31
  [1m[35m (1.6ms)[0m  [1m[35mCOMMIT[0m
  ↳ lib/tasks/update-stutus.rake:31
Started GET "/" for ::1 at 2021-06-22 22:09:07 -0700
  [1m[35m (0.6ms)[0m  [1m[34mSELECT "schema_migrations"."version" FROM "schema_migrations" ORDER BY "schema_migrations"."version" ASC[0m
  ↳ /Users/jasonsutter/.rvm/gems/ruby-2.4.4/gems/activerecord-5.2.6/lib/active_record/log_subscriber.rb:98
Processing by TweetsController#index as HTML
  Rendering tweets/index.html.erb within layouts/application
  [1m[36mTweet Load (0.7ms)[0m  [1m[34mSELECT "tweets".* FROM "tweets"[0m
  ↳ app/views/tweets/index.html.erb:3
  Rendered tweets/index.html.erb within layouts/application (19.0ms)
Completed 200 OK in 344ms (Views: 322.6ms | ActiveRecord: 6.8ms)


Started GET "/" for ::1 at 2021-06-22 22:09:40 -0700
Processing by TweetsController#index as HTML
  Rendering tweets/index.html.erb within layouts/application
  [1m[36mTweet Load (0.3ms)[0m  [1m[34mSELECT "tweets".* FROM "tweets"[0m
  ↳ app/views/tweets/index.html.erb:3
  Rendered tweets/index.html.erb within layouts/application (2.3ms)
Completed 200 OK in 42ms (Views: 32.4ms | ActiveRecord: 0.3ms)


